wandb: Using wandb-core as the SDK backend. Please refer to https://wandb.me/wandb-core for more information.
wandb: Currently logged in as: zeusisgreat (zeusisgreat-indian-institute-of-technology-bombay). Use `wandb login --relogin` to force relogin
wandb: Tracking run with wandb version 0.18.2
wandb: Run data is saved locally in /home/vagrawal/Rank-Analysis-KAN/wandb/run-20241104_142231-pyivs7bz
wandb: Run `wandb offline` to turn off syncing.
wandb: Syncing run kan_mixer_imgnet_adam_cosine_aa_cm
wandb: ⭐️ View project at https://wandb.ai/zeusisgreat-indian-institute-of-technology-bombay/mlp_mixer
wandb: 🚀 View run at https://wandb.ai/zeusisgreat-indian-institute-of-technology-bombay/mlp_mixer/runs/pyivs7bz
Device using: cuda
Polynomial Basis: False, Degree of Polynomial: 2, Using Same Function: True, Using same weights: False, Positional Embeddings: False, CPD Decomposition: False, Softmax Prod: False, Init: default
Number of Learnable Parameters: 8639422
Traceback (most recent call last):
  File "/home/vagrawal/Rank-Analysis-KAN/main.py", line 91, in <module>
    trainer.fit(train_dl, test_dl, init = args.init)
  File "/home/vagrawal/Rank-Analysis-KAN/train.py", line 275, in fit
    self._train_one_step(batch)
  File "/home/vagrawal/Rank-Analysis-KAN/train.py", line 101, in _train_one_step
    out = self.model(img)
  File "/home/vagrawal/venvs/kan/lib64/python3.9/site-packages/torch/nn/modules/module.py", line 1553, in _wrapped_call_impl
    return self._call_impl(*args, **kwargs)
  File "/home/vagrawal/venvs/kan/lib64/python3.9/site-packages/torch/nn/modules/module.py", line 1562, in _call_impl
    return forward_call(*args, **kwargs)
  File "/home/vagrawal/venvs/kan/lib64/python3.9/site-packages/torch/nn/parallel/data_parallel.py", line 186, in forward
    outputs = self.parallel_apply(replicas, inputs, module_kwargs)
  File "/home/vagrawal/venvs/kan/lib64/python3.9/site-packages/torch/nn/parallel/data_parallel.py", line 201, in parallel_apply
    return parallel_apply(replicas, inputs, kwargs, self.device_ids[:len(replicas)])
  File "/home/vagrawal/venvs/kan/lib64/python3.9/site-packages/torch/nn/parallel/parallel_apply.py", line 109, in parallel_apply
    output.reraise()
  File "/home/vagrawal/venvs/kan/lib64/python3.9/site-packages/torch/_utils.py", line 706, in reraise
    raise exception
torch.OutOfMemoryError: Caught OutOfMemoryError in replica 0 on device 0.
Original Traceback (most recent call last):
  File "/home/vagrawal/venvs/kan/lib64/python3.9/site-packages/torch/nn/parallel/parallel_apply.py", line 84, in _worker
    output = module(*input, **kwargs)
  File "/home/vagrawal/venvs/kan/lib64/python3.9/site-packages/torch/nn/modules/module.py", line 1553, in _wrapped_call_impl
    return self._call_impl(*args, **kwargs)
  File "/home/vagrawal/venvs/kan/lib64/python3.9/site-packages/torch/nn/modules/module.py", line 1562, in _call_impl
    return forward_call(*args, **kwargs)
  File "/home/vagrawal/Rank-Analysis-KAN/kan_mixer.py", line 411, in forward
    out = self.mixer_layers(out)
  File "/home/vagrawal/venvs/kan/lib64/python3.9/site-packages/torch/nn/modules/module.py", line 1553, in _wrapped_call_impl
    return self._call_impl(*args, **kwargs)
  File "/home/vagrawal/venvs/kan/lib64/python3.9/site-packages/torch/nn/modules/module.py", line 1562, in _call_impl
    return forward_call(*args, **kwargs)
  File "/home/vagrawal/venvs/kan/lib64/python3.9/site-packages/torch/nn/modules/container.py", line 219, in forward
    input = module(input)
  File "/home/vagrawal/venvs/kan/lib64/python3.9/site-packages/torch/nn/modules/module.py", line 1553, in _wrapped_call_impl
    return self._call_impl(*args, **kwargs)
  File "/home/vagrawal/venvs/kan/lib64/python3.9/site-packages/torch/nn/modules/module.py", line 1562, in _call_impl
    return forward_call(*args, **kwargs)
  File "/home/vagrawal/Rank-Analysis-KAN/kan_mixer.py", line 432, in forward
    out = self.kan2(out)
  File "/home/vagrawal/venvs/kan/lib64/python3.9/site-packages/torch/nn/modules/module.py", line 1553, in _wrapped_call_impl
    return self._call_impl(*args, **kwargs)
  File "/home/vagrawal/venvs/kan/lib64/python3.9/site-packages/torch/nn/modules/module.py", line 1562, in _call_impl
    return forward_call(*args, **kwargs)
  File "/home/vagrawal/Rank-Analysis-KAN/kan_mixer.py", line 502, in forward
    out = self.do1(self.fc1(x))
  File "/home/vagrawal/venvs/kan/lib64/python3.9/site-packages/torch/nn/modules/module.py", line 1553, in _wrapped_call_impl
    return self._call_impl(*args, **kwargs)
  File "/home/vagrawal/venvs/kan/lib64/python3.9/site-packages/torch/nn/modules/module.py", line 1562, in _call_impl
    return forward_call(*args, **kwargs)
  File "/home/vagrawal/Rank-Analysis-KAN/fast-kan/fastkan/fastkan.py", line 292, in forward
    spline_basis = self.rbf(self.layernorm(x))
  File "/home/vagrawal/venvs/kan/lib64/python3.9/site-packages/torch/nn/modules/module.py", line 1553, in _wrapped_call_impl
    return self._call_impl(*args, **kwargs)
  File "/home/vagrawal/venvs/kan/lib64/python3.9/site-packages/torch/nn/modules/module.py", line 1562, in _call_impl
    return forward_call(*args, **kwargs)
  File "/home/vagrawal/Rank-Analysis-KAN/fast-kan/fastkan/fastkan.py", line 210, in forward
    return torch.exp(-((x[..., None] - self.grid) / self.denominator) ** 2)
torch.OutOfMemoryError: CUDA out of memory. Tried to allocate 808.00 MiB. GPU 0 has a total capacity of 93.02 GiB of which 772.00 MiB is free. Including non-PyTorch memory, this process has 92.21 GiB memory in use. Of the allocated memory 89.76 GiB is allocated by PyTorch, and 1.44 GiB is reserved by PyTorch but unallocated. If reserved but unallocated memory is large try setting PYTORCH_CUDA_ALLOC_CONF=expandable_segments:True to avoid fragmentation.  See documentation for Memory Management  (https://pytorch.org/docs/stable/notes/cuda.html#environment-variables)

wandb: - 0.019 MB of 0.019 MB uploadedwandb: \ 0.019 MB of 0.019 MB uploadedwandb: | 0.019 MB of 0.019 MB uploadedwandb:                                                                                
wandb: 🚀 View run kan_mixer_imgnet_adam_cosine_aa_cm at: https://wandb.ai/zeusisgreat-indian-institute-of-technology-bombay/mlp_mixer/runs/pyivs7bz
wandb: ⭐️ View project at: https://wandb.ai/zeusisgreat-indian-institute-of-technology-bombay/mlp_mixer
wandb: Synced 5 W&B file(s), 0 media file(s), 2 artifact file(s) and 0 other file(s)
wandb: Find logs at: ./wandb/run-20241104_142231-pyivs7bz/logs
Traceback (most recent call last):
  File "/home/vagrawal/Rank-Analysis-KAN/main.py", line 91, in <module>
    trainer.fit(train_dl, test_dl, init = args.init)
  File "/home/vagrawal/Rank-Analysis-KAN/train.py", line 275, in fit
    self._train_one_step(batch)
  File "/home/vagrawal/Rank-Analysis-KAN/train.py", line 101, in _train_one_step
    out = self.model(img)
  File "/home/vagrawal/venvs/kan/lib64/python3.9/site-packages/torch/nn/modules/module.py", line 1553, in _wrapped_call_impl
    return self._call_impl(*args, **kwargs)
  File "/home/vagrawal/venvs/kan/lib64/python3.9/site-packages/torch/nn/modules/module.py", line 1562, in _call_impl
    return forward_call(*args, **kwargs)
  File "/home/vagrawal/venvs/kan/lib64/python3.9/site-packages/torch/nn/parallel/data_parallel.py", line 186, in forward
    outputs = self.parallel_apply(replicas, inputs, module_kwargs)
  File "/home/vagrawal/venvs/kan/lib64/python3.9/site-packages/torch/nn/parallel/data_parallel.py", line 201, in parallel_apply
    return parallel_apply(replicas, inputs, kwargs, self.device_ids[:len(replicas)])
  File "/home/vagrawal/venvs/kan/lib64/python3.9/site-packages/torch/nn/parallel/parallel_apply.py", line 109, in parallel_apply
    output.reraise()
  File "/home/vagrawal/venvs/kan/lib64/python3.9/site-packages/torch/_utils.py", line 706, in reraise
    raise exception
torch.OutOfMemoryError: Caught OutOfMemoryError in replica 0 on device 0.
Original Traceback (most recent call last):
  File "/home/vagrawal/venvs/kan/lib64/python3.9/site-packages/torch/nn/parallel/parallel_apply.py", line 84, in _worker
    output = module(*input, **kwargs)
  File "/home/vagrawal/venvs/kan/lib64/python3.9/site-packages/torch/nn/modules/module.py", line 1553, in _wrapped_call_impl
    return self._call_impl(*args, **kwargs)
  File "/home/vagrawal/venvs/kan/lib64/python3.9/site-packages/torch/nn/modules/module.py", line 1562, in _call_impl
    return forward_call(*args, **kwargs)
  File "/home/vagrawal/Rank-Analysis-KAN/kan_mixer.py", line 411, in forward
    out = self.mixer_layers(out)
  File "/home/vagrawal/venvs/kan/lib64/python3.9/site-packages/torch/nn/modules/module.py", line 1553, in _wrapped_call_impl
    return self._call_impl(*args, **kwargs)
  File "/home/vagrawal/venvs/kan/lib64/python3.9/site-packages/torch/nn/modules/module.py", line 1562, in _call_impl
    return forward_call(*args, **kwargs)
  File "/home/vagrawal/venvs/kan/lib64/python3.9/site-packages/torch/nn/modules/container.py", line 219, in forward
    input = module(input)
  File "/home/vagrawal/venvs/kan/lib64/python3.9/site-packages/torch/nn/modules/module.py", line 1553, in _wrapped_call_impl
    return self._call_impl(*args, **kwargs)
  File "/home/vagrawal/venvs/kan/lib64/python3.9/site-packages/torch/nn/modules/module.py", line 1562, in _call_impl
    return forward_call(*args, **kwargs)
  File "/home/vagrawal/Rank-Analysis-KAN/kan_mixer.py", line 432, in forward
    out = self.kan2(out)
  File "/home/vagrawal/venvs/kan/lib64/python3.9/site-packages/torch/nn/modules/module.py", line 1553, in _wrapped_call_impl
    return self._call_impl(*args, **kwargs)
  File "/home/vagrawal/venvs/kan/lib64/python3.9/site-packages/torch/nn/modules/module.py", line 1562, in _call_impl
    return forward_call(*args, **kwargs)
  File "/home/vagrawal/Rank-Analysis-KAN/kan_mixer.py", line 502, in forward
    out = self.do1(self.fc1(x))
  File "/home/vagrawal/venvs/kan/lib64/python3.9/site-packages/torch/nn/modules/module.py", line 1553, in _wrapped_call_impl
    return self._call_impl(*args, **kwargs)
  File "/home/vagrawal/venvs/kan/lib64/python3.9/site-packages/torch/nn/modules/module.py", line 1562, in _call_impl
    return forward_call(*args, **kwargs)
  File "/home/vagrawal/Rank-Analysis-KAN/fast-kan/fastkan/fastkan.py", line 292, in forward
    spline_basis = self.rbf(self.layernorm(x))
  File "/home/vagrawal/venvs/kan/lib64/python3.9/site-packages/torch/nn/modules/module.py", line 1553, in _wrapped_call_impl
    return self._call_impl(*args, **kwargs)
  File "/home/vagrawal/venvs/kan/lib64/python3.9/site-packages/torch/nn/modules/module.py", line 1562, in _call_impl
    return forward_call(*args, **kwargs)
  File "/home/vagrawal/Rank-Analysis-KAN/fast-kan/fastkan/fastkan.py", line 210, in forward
    return torch.exp(-((x[..., None] - self.grid) / self.denominator) ** 2)
torch.OutOfMemoryError: CUDA out of memory. Tried to allocate 808.00 MiB. GPU 0 has a total capacity of 93.02 GiB of which 772.00 MiB is free. Including non-PyTorch memory, this process has 92.21 GiB memory in use. Of the allocated memory 89.76 GiB is allocated by PyTorch, and 1.44 GiB is reserved by PyTorch but unallocated. If reserved but unallocated memory is large try setting PYTORCH_CUDA_ALLOC_CONF=expandable_segments:True to avoid fragmentation.  See documentation for Memory Management  (https://pytorch.org/docs/stable/notes/cuda.html#environment-variables)

